<?xml version="1.0" encoding="UTF-8"?>
<!-- Generated by org.testng.reporters.JUnitXMLReporter -->
<testsuite ignored="0" hostname="DESKTOP-DJAOCVR" failures="0" tests="6" name="PetTests" time="12.608" errors="0" timestamp="2024-03-11T15:44:23 IST">
  <testcase classname="api.test.PetTests" name="testCreatePet" time="3.988"/>
  <testcase classname="api.test.PetTests" name="testGetPet" time="1.121"/>
  <testcase classname="api.test.PetTests" name="testGetPetByStatus" time="1.694"/>
  <testcase classname="api.test.PetTests" name="testUpdatePet" time="2.31"/>
  <testcase classname="api.test.PetTests" name="testUploadImage" time="1.819"/>
  <testcase classname="api.test.PetTests" name="testDeletePet" time="1.128"/>
</testsuite> <!-- PetTests -->
