<?xml version="1.0" encoding="UTF-8"?>
<!-- Generated by org.testng.reporters.JUnitXMLReporter -->
<testsuite ignored="0" hostname="DESKTOP-DJAOCVR" failures="0" tests="4" name="StoreOrderTests" time="4.645" errors="0" timestamp="2024-03-11T15:44:34 IST">
  <testcase classname="api.test.StoreOrderTests" name="testCreateStoreOrder" time="1.198"/>
  <testcase classname="api.test.StoreOrderTests" name="testGetStoreOrder" time="1.147"/>
  <testcase classname="api.test.StoreOrderTests" name="testDeleteStoreOrder" time="1.099"/>
  <testcase classname="api.test.StoreOrderTests" name="testGetStoreInventory" time="1.163"/>
</testsuite> <!-- StoreOrderTests -->
