<?xml version="1.0" encoding="UTF-8"?>
<!-- Generated by org.testng.reporters.JUnitXMLReporter -->
<testsuite ignored="0" hostname="DESKTOP-DJAOCVR" failures="0" tests="6" name="PetTests" time="12.953" errors="0" timestamp="2024-03-09T21:25:36 IST">
  <testcase classname="api.test.PetTests" name="testCreatePet" time="4.278"/>
  <testcase classname="api.test.PetTests" name="testGetPet" time="1.14"/>
  <testcase classname="api.test.PetTests" name="testGetPetByStatus" time="1.625"/>
  <testcase classname="api.test.PetTests" name="testUpdatePet" time="2.283"/>
  <testcase classname="api.test.PetTests" name="testUploadImage" time="1.932"/>
  <testcase classname="api.test.PetTests" name="testDeletePet" time="1.163"/>
</testsuite> <!-- PetTests -->
