<?xml version="1.0" encoding="UTF-8"?>
<!-- Generated by org.testng.reporters.JUnitXMLReporter -->
<testsuite ignored="0" hostname="DESKTOP-DJAOCVR" failures="0" tests="4" name="StoreOrderTests" time="4.46" errors="0" timestamp="2024-03-09T21:25:46 IST">
  <testcase classname="api.test.StoreOrderTests" name="testCreateStoreOrder" time="1.123"/>
  <testcase classname="api.test.StoreOrderTests" name="testGetStoreOrder" time="1.099"/>
  <testcase classname="api.test.StoreOrderTests" name="testDeleteStoreOrder" time="1.161"/>
  <testcase classname="api.test.StoreOrderTests" name="testGetStoreInventory" time="1.06"/>
</testsuite> <!-- StoreOrderTests -->
