<?xml version="1.0" encoding="UTF-8"?>
<!-- Generated by org.testng.reporters.JUnitXMLReporter -->
<testsuite ignored="0" hostname="DESKTOP-DJAOCVR" failures="0" tests="4" name="UserTests" time="5.802" errors="0" timestamp="2024-03-09T21:25:42 IST">
  <testcase classname="api.test.UserTests" name="testCreateUser" time="1.193"/>
  <testcase classname="api.test.UserTests" name="testGetUser" time="1.13"/>
  <testcase classname="api.test.UserTests" name="testUpdateUser" time="2.285"/>
  <testcase classname="api.test.UserTests" name="testDeleteUser" time="1.098"/>
</testsuite> <!-- UserTests -->
