<?xml version="1.0" encoding="UTF-8"?>
<testsuite xmlns:xsi="http://www.w3.org/2001/XMLSchema-instance" xsi:noNamespaceSchemaLocation="https://maven.apache.org/surefire/maven-surefire-plugin/xsd/surefire-test-report-3.0.xsd" version="3.0" name="TestSuite" time="24.514" tests="14" errors="0" skipped="0" failures="0">
  <properties>
[...]
</properties>
  <testcase name="testCreatePet" classname="api.test.PetTests" time="4.282">
    <system-out><![CDATA[HTTP/1.1 200 OK
Date: Sat, 09 Mar 2024 15:55:25 GMT
Content-Type: application/json
Transfer-Encoding: chunked
Connection: keep-alive
Access-Control-Allow-Origin: *
Access-Control-Allow-Methods: GET, POST, DELETE, PUT
Access-Control-Allow-Headers: Content-Type, api_key, Authorization
Server: Jetty(9.2.9.v20150224)

{
    "id": 7,
    "category": {
        "id": 1324843695,
        "name": "Category beaver"
    },
    "name": "herring",
    "photoUrls": [
        "photourl1",
        "photourl2",
        "photourl3"
    ],
    "tags": [
        {
            "id": 5777,
            "name": "Tag worm"
        },
        {
            "id": 5,
            "name": "Tag wildebeest"
        }
    ],
    "status": "available"
}
]]></system-out>
    <system-err><![CDATA[SLF4J: Failed to load class "org.slf4j.impl.StaticLoggerBinder".
SLF4J: Defaulting to no-operation (NOP) logger implementation
SLF4J: See http://www.slf4j.org/codes.html#StaticLoggerBinder for further details.
]]></system-err>
  </testcase>
  <testcase name="testGetPet" classname="api.test.PetTests" time="1.141">
    <system-out><![CDATA[HTTP/1.1 200 OK
Date: Sat, 09 Mar 2024 15:55:26 GMT
Content-Type: application/json
Transfer-Encoding: chunked
Connection: keep-alive
Access-Control-Allow-Origin: *
Access-Control-Allow-Methods: GET, POST, DELETE, PUT
Access-Control-Allow-Headers: Content-Type, api_key, Authorization
Server: Jetty(9.2.9.v20150224)

{
    "id": 7,
    "category": {
        "id": 1324843695,
        "name": "Category beaver"
    },
    "name": "herring",
    "photoUrls": [
        "photourl1",
        "photourl2",
        "photourl3"
    ],
    "tags": [
        {
            "id": 5777,
            "name": "Tag worm"
        },
        {
            "id": 5,
            "name": "Tag wildebeest"
        }
    ],
    "status": "available"
}
]]></system-out>
  </testcase>
  <testcase name="testGetPetByStatus" classname="api.test.PetTests" time="1.664">
    <system-out><![CDATA[HTTP/1.1 200 OK
Date: Sat, 09 Mar 2024 15:55:28 GMT
Content-Type: application/json
Transfer-Encoding: chunked
Connection: keep-alive
Access-Control-Allow-Origin: *
Access-Control-Allow-Methods: GET, POST, DELETE, PUT
Access-Control-Allow-Headers: Content-Type, api_key, Authorization
Server: Jetty(9.2.9.v20150224)

[
    {
        "id": 9223372036854323046,
        "category": {
            "id": 0,
            "name": "string"
        },
        "name": "doggie",
        "photoUrls": [
            "string"
        ],
        "tags": [
            {
                "id": 0,
                "name": "string"
            }
        ],
        "status": "available"
    },
    {
        "id": 9223372036854323047,
        "category": {
            "id": 0,
            "name": "string"
        },
        "name": "doggie",
        "photoUrls": [
            "string"
        ],
        "tags": [
            {
                "id": 0,
                "name": "string"
            }
        ],
        "status": "available"
    },
    {
        "id": 9223372036854323048,
        "category": {
            "id": 0,
            "name": "string"
        },
        "name": "fish",
        "photoUrls": [
            "string"
        ],
        "tags": [
            {
                "id": 0,
                "name": "string"
            }
        ],
        "status": "available"
    },
    {
        "id": 9223372036854323049,
        "category": {
            "id": 0,
            "name": "string"
        },
        "name": "fish",
        "photoUrls": [
            "string"
        ],
        "tags": [
            {
                "id": 0,
                "name": "string"
            }
        ],
        "status": "available"
    },
    {
        "id": 9223372036854323050,
        "name": "Doom",
        "status": "available"
    },
    {
        "id": 9223372036854323051,
        "category": {
            "id": 0,
            "name": "string"
        },
        "name": "Puff",
        "photoUrls": [
            "string"
        ],
        "tags": [
            {
                "id": 0,
                "name": "string"
            }
        ],
        "status": "available"
    },
    {
        "id": 9223372036854323052,
        "category": {
            "id": 0,
            "name": "string"
        },
        "name": "doggie",
        "photoUrls": [
            "string"
        ],
        "tags": [
            {
                "id": 0,
                "name": "string"
            }
        ],
        "status": "available"
    },
    {
        "id": 9223372036854323054,
        "name": "Doom",
        "status": "available"
    },
    {
        "id": 9223372036854323056,
        "category": {
            "id": 0,
            "name": "string"
        },
        "name": "fish",
        "photoUrls": [
            "string"
        ],
        "tags": [
            {
                "id": 0,
                "name": "string"
            }
        ],
        "status": "available"
    },
    {
        "id": 9223372036854323059,
        "category": {
            "id": 0,
            "name": "string"
        },
        "name": "doggie",
        "photoUrls": [
            "string"
        ],
        "tags": [
            {
                "id": 0,
                "name": "string"
            }
        ],
        "status": "available"
    },
    {
        "id": 9223372036854323060,
        "category": {
            "id": 0,
            "name": "string"
        },
        "name": "doggie",
        "photoUrls": [
            "string"
        ],
        "tags": [
            {
                "id": 0,
                "name": "string"
            }
        ],
        "status": "available"
    },
    {
        "id": 9223372036854323068,
        "category": {
            "id": 0,
            "name": "string"
        },
        "name": "fish",
        "photoUrls": [
            "string"
        ],
        "tags": [
            {
                "id": 0,
                "name": "string"
            }
        ],
        "status": "available"
    },
    {
        "id": 9223372036854323073,
        "name": "Doom",
        "status": "available"
    },
    {
        "id": 9223372036854323087,
        "category": {
            "id": 0,
            "name": "string"
        },
        "name": "fish",
        "photoUrls": [
            "string"
        ],
        "tags": [
            {
                "id": 0,
                "name": "string"
            }
        ],
        "status": "available"
    },
    {
        "id": 9223372036854323097,
        "name": "Doom",
        "status": "available"
    },
    {
        "id": 9223372036854323098,
        "category": {
            "id": 0,
            "name": "string"
        },
        "name": "fish",
        "photoUrls": [
            "string"
        ],
        "tags": [
            {
                "id": 0,
                "name": "string"
            }
        ],
        "status": "available"
    },
    {
        "id": 9223372036854323099,
        "category": {
            "id": 0,
            "name": "string"
        },
        "name": "doggie",
        "photoUrls": [
            "string"
        ],
        "tags": [
            {
                "id": 0,
                "name": "string"
            }
        ],
        "status": "available"
    },
    {
        "id": 9223372036854323100,
        "category": {
            "id": 0,
            "name": "string"
        },
        "name": "doggie",
        "photoUrls": [
            "string"
        ],
        "tags": [
            {
                "id": 0,
                "name": "string"
            }
        ],
        "status": "available"
    },
    {
        "id": 9223372036854323101,
        "category": {
            "id": 0,
            "name": "string"
        },
        "name": "fish",
        "photoUrls": [
            "string"
        ],
        "tags": [
            {
                "id": 0,
                "name": "string"
            }
        ],
        "status": "available"
    },
    {
        "id": 9223372036854323104,
        "category": {
            "id": 0,
            "name": "string"
        },
        "name": "Puff",
        "photoUrls": [
            "string"
        ],
        "tags": [
            {
                "id": 0,
                "name": "string"
            }
        ],
        "status": "available"
    },
    {
        "id": 9223372036854323105,
        "category": {
            "id": 0,
            "name": "string"
        },
        "name": "doggie",
        "photoUrls": [
            "string"
        ],
        "tags": [
            {
                "id": 0,
                "name": "string"
            }
        ],
        "status": "available"
    },
    {
        "id": 9223372036854323109,
        "category": {
            "id": 0,
            "name": "string"
        },
        "name": "doggie",
        "photoUrls": [
            "string"
        ],
        "tags": [
            {
                "id": 0,
                "name": "string"
            }
        ],
        "status": "available"
    },
    {
        "id": 9223372036854323111,
        "category": {
            "id": 0,
            "name": "string"
        },
        "name": "doggie",
        "photoUrls": [
            "string"
        ],
        "tags": [
            {
                "id": 0,
                "name": "string"
            }
        ],
        "status": "available"
    },
    {
        "id": 9223372036854323116,
        "category": {
            "id": 0,
            "name": "string"
        },
        "name": "doggie",
        "photoUrls": [
            "string"
        ],
        "tags": [
            {
                "id": 0,
                "name": "string"
            }
        ],
        "status": "available"
    },
    {
        "id": 9223372036854323117,
        "category": {
            "id": 0,
            "name": "string"
        },
        "name": "fish",
        "photoUrls": [
            "string"
        ],
        "tags": [
            {
                "id": 0,
                "name": "string"
            }
        ],
        "status": "available"
    },
    {
        "id": 9223372036854323121,
        "category": {
            "id": 0,
            "name": "string"
        },
        "name": "doggie",
        "photoUrls": [
            "string"
        ],
        "tags": [
            {
                "id": 0,
                "name": "string"
            }
        ],
        "status": "available"
    },
    {
        "id": 9223372036854323124,
        "category": {
            "id": 0,
            "name": "string"
        },
        "name": "fish",
        "photoUrls": [
            "string"
        ],
        "tags": [
            {
                "id": 0,
                "name": "string"
            }
        ],
        "status": "available"
    },
    {
        "id": 9223372036854323125,
        "category": {
            "id": 0,
            "name": "string"
        },
        "name": "fish",
        "photoUrls": [
            "string"
        ],
        "tags": [
            {
                "id": 0,
                "name": "string"
            }
        ],
        "status": "available"
    },
    {
        "id": 9223372036854323126,
        "category": {
            "id": 0,
            "name": "string"
        },
        "name": "fish",
        "photoUrls": [
            "string"
        ],
        "tags": [
            {
                "id": 0,
                "name": "string"
            }
        ],
        "status": "available"
    },
    {
        "id": 9223372036854323131,
        "category": {
            "id": 1,
            "name": "cat"
        },
        "name": "Murzik",
        "photoUrls": [
            "string"
        ],
        "tags": [
            {
                "id": 0,
                "name": "black"
            }
        ],
        "status": "available"
    },
    {
        "id": 9223372036854323141,
        "name": "Doom",
        "status": "available"
    },
    {
        "id": 9223372036854323151,
        "category": {
            "id": 333,
            "name": "Cat"
        },
        "name": "Boss'ya",
        "photoUrls": [
            "string"
        ],
        "tags": [
            {
                "id": 333,
                "name": "British"
            }
        ],
        "status": "available"
    },
    {
        "id": 9222968140491042131,
        "category": {
            "id": 0,
            "name": "string"
        },
        "name": "doggie",
        "photoUrls": [
            "string"
        ],
        "tags": [
            {
                "id": 0,
                "name": "string"
            }
        ],
        "status": "available"
    },
    {
        "id": 9223372036854323165,
        "category": {
            "id": 0,
            "name": "string"
        },
        "name": "doggie",
        "photoUrls": [
            "string"
        ],
        "tags": [
            {
                "id": 0,
                "name": "string"
            }
        ],
        "status": "available"
    },
    {
        "id": 9223372036854323166,
        "category": {
            "id": 0,
            "name": "string"
        },
        "name": "doggie",
        "photoUrls": [
            "string"
        ],
        "tags": [
            {
                "id": 0,
                "name": "string"
            }
        ],
        "status": "available"
    },
    {
        "id": 9223372036854323167,
        "category": {
            "id": 0,
            "name": "string"
        },
        "name": "fish",
        "photoUrls": [
            "string"
        ],
        "tags": [
            {
                "id": 0,
                "name": "string"
            }
        ],
        "status": "available"
    },
    {
        "id": 9223372036854323168,
        "category": {
            "id": 0,
            "name": "string"
        },
        "name": "doggie",
        "photoUrls": [
            "string"
        ],
        "tags": [
            {
                "id": 0,
                "name": "string"
            }
        ],
        "status": "available"
    },
    {
        "id": 9223372036854323171,
        "category": {
            "id": 0,
            "name": "string"
        },
        "name": "fish",
        "photoUrls": [
            "string"
        ],
        "tags": [
            {
                "id": 0,
                "name": "string"
            }
        ],
        "status": "available"
    },
    {
        "id": 9223372036854323172,
        "category": {
            "id": 0,
            "name": "string"
        },
        "name": "Puff",
        "photoUrls": [
            "string"
        ],
        "tags": [
            {
                "id": 0,
                "name": "string"
            }
        ],
        "status": "available"
    },
    {
        "id": 9223372036854323173,
        "category": {
            "id": 0,
            "name": "string"
        },
        "name": "doggie",
        "photoUrls": [
            "string"
        ],
        "tags": [
            {
                "id": 0,
                "name": "string"
            }
        ],
        "status": "available"
    },
    {
        "id": 9223372036854323174,
        "category": {
            "id": 0,
            "name": "string"
        },
        "name": "doggie",
        "photoUrls": [
            "string"
        ],
        "tags": [
            {
                "id": 0,
                "name": "string"
            }
        ],
        "status": "available"
    },
    {
        "id": 9223372036854323176,
        "category": {
            "id": 0,
            "name": "string"
        },
        "name": "fish",
        "photoUrls": [
            "string"
        ],
        "tags": [
            {
                "id": 0,
                "name": "string"
            }
        ],
        "status": "available"
    },
    {
        "id": 787,
        "category": {
            "id": 0,
            "name": "Boxer"
        },
        "name": "Doggie",
        "photoUrls": [
            "string"
        ],
        "tags": [
            {
                "id": 0,
                "name": "string"
            }
        ],
        "status": "available"
    },
    {
        "id": 9223372036854323187,
        "category": {
            "id": 0,
            "name": "string"
        },
        "name": "doggie",
        "photoUrls": [
            "string"
        ],
        "tags": [
            {
                "id": 0,
                "name": "string"
            }
        ],
        "status": "available"
    },
    {
        "id": 9223372036854323188,
        "category": {
            "id": 0,
            "name": "string"
        },
        "name": "fish",
        "photoUrls": [
            "string"
        ],
        "tags": [
            {
                "id": 0,
                "name": "string"
            }
        ],
        "status": "available"
    },
    {
        "id": 9223372036854323189,
        "category": {
            "id": 0,
            "name": "string"
        },
        "name": "doggie",
        "photoUrls": [
            "string"
        ],
        "tags": [
            {
                "id": 0,
                "name": "string"
            }
        ],
        "status": "available"
    },
    {
        "id": 220,
        "category": {
            "id": 220,
            "name": "Пушок"
        },
        "name": "кошка",
        "photoUrls": [
            "https://cdn.fishki.net/upload/post/2019/05/17/2980924/1-depositphotos-11856682-l-2015.jpg"
        ],
        "tags": [
            
        ],
        "status": "available"
    },
    {
        "id": 9223372036854323191,
        "name": "Doom",
        "status": "available"
    },
    {
        "id": 378,
        "category": {
            "id": 0,
            "name": "dog"
        },
        "name": "Brawo",
        "photoUrls": [
            
        ],
        "tags": [
            {
                "id": 2,
                "name": "Dachshund"
            }
        ],
        "status": "available"
    },
    {
        "id": 9222968140497180179,
        "category": {
            "id": 0,
            "name": "string"
        },
        "name": "test",
        "photoUrls": [
            "string"
        ],
        "tags": [
            {
                "id": 0,
                "name": "string"
            }
        ],
        "status": "available"
    },
    {
        "id": 9223372036854323197,
        "name": "Doom",
        "status": "available"
    },
    {
        "id": 9223372036854323198,
        "name": "Doom",
        "status": "available"
    },
    {
        "id": 9223372036854323202,
        "category": {
            "id": 0,
            "name": "string"
        },
        "name": "fish",
        "photoUrls": [
            "string"
        ],
        "tags": [
            {
                "id": 0,
                "name": "string"
            }
        ],
        "status": "available"
    },
    {
        "id": 9223372036854323214,
        "category": {
            "id": 0,
            "name": "string"
        },
        "name": "doggie",
        "photoUrls": [
            "string"
        ],
        "tags": [
            {
                "id": 0,
                "name": "string"
            }
        ],
        "status": "available"
    },
    {
        "id": 9223372036854323215,
        "category": {
            "id": 0,
            "name": "string"
        },
        "name": "fish",
        "photoUrls": [
            "string"
        ],
        "tags": [
            {
                "id": 0,
                "name": "string"
            }
        ],
        "status": "available"
    },
    {
        "id": 9223372036854323216,
        "category": {
            "id": 0,
            "name": "string"
        },
        "name": "Puff",
        "photoUrls": [
            "string"
        ],
        "tags": [
            {
                "id": 0,
                "name": "string"
            }
        ],
        "status": "available"
    },
    {
        "id": 9223372036854323220,
        "category": {
            "id": 0,
            "name": "string"
        },
        "name": "fish",
        "photoUrls": [
            "string"
        ],
        "tags": [
            {
                "id": 0,
                "name": "string"
            }
        ],
        "status": "available"
    },
    {
        "id": 9223372036854323221,
        "category": {
            "id": 0,
            "name": "string"
        },
        "name": "doggie",
        "photoUrls": [
            "string"
        ],
        "tags": [
            {
                "id": 0,
                "name": "string"
            }
        ],
        "status": "available"
    },
    {
        "id": 9223372036854323222,
        "category": {
            "id": 0,
            "name": "string"
        },
        "name": "doggie",
        "photoUrls": [
            "string"
        ],
        "tags": [
            {
                "id": 0,
                "name": "string"
            }
        ],
        "status": "available"
    },
    {
        "id": 9223372036854323225,
        "category": {
            "id": 0,
            "name": "string"
        },
        "name": "doggie",
        "photoUrls": [
            "string"
        ],
        "tags": [
            {
                "id": 0,
                "name": "string"
            }
        ],
        "status": "available"
    },
    {
        "id": 9223372036854323228,
        "category": {
            "id": 0,
            "name": "string"
        },
        "name": "doggie",
        "photoUrls": [
            "string"
        ],
        "tags": [
            {
                "id": 0,
                "name": "string"
            }
        ],
        "status": "available"
    },
    {
        "id": 9223372036854323229,
        "category": {
            "id": 0,
            "name": "string"
        },
        "name": "doggie",
        "photoUrls": [
            "string"
        ],
        "tags": [
            {
                "id": 0,
                "name": "string"
            }
        ],
        "status": "available"
    },
    {
        "id": 9223372036854323232,
        "category": {
            "id": 0,
            "name": "string"
        },
        "name": "fish",
        "photoUrls": [
            "string"
        ],
        "tags": [
            {
                "id": 0,
                "name": "string"
            }
        ],
        "status": "available"
    },
    {
        "id": 9223372036854323234,
        "category": {
            "id": 0,
            "name": "string"
        },
        "name": "fish",
        "photoUrls": [
            "string"
        ],
        "tags": [
            {
                "id": 0,
                "name": "string"
            }
        ],
        "status": "available"
    },
    {
        "id": 9223372036854323235,
        "category": {
            "id": 0,
            "name": "string"
        },
        "name": "fish",
        "photoUrls": [
            "string"
        ],
        "tags": [
            {
                "id": 0,
                "name": "string"
            }
        ],
        "status": "available"
    },
    {
        "id": 9223372036854323236,
        "category": {
            "id": 0,
            "name": "string"
        },
        "name": "fish",
        "photoUrls": [
            "string"
        ],
        "tags": [
            {
                "id": 0,
                "name": "string"
            }
        ],
        "status": "available"
    },
    {
        "id": 9223372036854323242,
        "category": {
            "id": 0,
            "name": "string"
        },
        "name": "doggie",
        "photoUrls": [
            "string"
        ],
        "tags": [
            {
                "id": 0,
                "name": "string"
            }
        ],
        "status": "available"
    },
    {
        "id": 9223372036854323253,
        "name": "Doom",
        "status": "available"
    },
    {
        "id": 9223372036854323271,
        "category": {
            "id": 0,
            "name": "string"
        },
        "name": "doggie",
        "photoUrls": [
            "string"
        ],
        "tags": [
            {
                "id": 0,
                "name": "string"
            }
        ],
        "status": "available"
    },
    {
        "id": 9223372036854323276,
        "category": {
            "id": 0,
            "name": "string"
        },
        "name": "fish",
        "photoUrls": [
            "string"
        ],
        "tags": [
            {
                "id": 0,
                "name": "string"
            }
        ],
        "status": "available"
    },
    {
        "id": 9223372036854323277,
        "category": {
            "id": 0,
            "name": "string"
        },
        "name": "fish",
        "photoUrls": [
            "string"
        ],
        "tags": [
            {
                "id": 0,
                "name": "string"
            }
        ],
        "status": "available"
    },
    {
        "id": 9223372036854323278,
        "category": {
            "id": 0,
            "name": "string"
        },
        "name": "Puff",
        "photoUrls": [
            "string"
        ],
        "tags": [
            {
                "id": 0,
                "name": "string"
            }
        ],
        "status": "available"
    },
    {
        "id": 9223372036854323281,
        "category": {
            "id": 0,
            "name": "string"
        },
        "name": "doggie",
        "photoUrls": [
            "string"
        ],
        "tags": [
            {
                "id": 0,
                "name": "string"
            }
        ],
        "status": "available"
    },
    {
        "id": 9223372036854323282,
        "category": {
            "id": 0,
            "name": "string"
        },
        "name": "doggie",
        "photoUrls": [
            "string"
        ],
        "tags": [
            {
                "id": 0,
                "name": "string"
            }
        ],
        "status": "available"
    },
    {
        "id": 9223372036854323285,
        "category": {
            "id": 0,
            "name": "string"
        },
        "name": "doggie",
        "photoUrls": [
            "string"
        ],
        "tags": [
            {
                "id": 0,
                "name": "string"
            }
        ],
        "status": "available"
    },
    {
        "id": 9223372036854323286,
        "category": {
            "id": 0,
            "name": "string"
        },
        "name": "doggie",
        "photoUrls": [
            "string"
        ],
        "tags": [
            {
                "id": 0,
                "name": "string"
            }
        ],
        "status": "available"
    },
    {
        "id": 9223372036854323287,
        "category": {
            "id": 0,
            "name": "string"
        },
        "name": "doggie",
        "photoUrls": [
            "string"
        ],
        "tags": [
            {
                "id": 0,
                "name": "string"
            }
        ],
        "status": "available"
    },
    {
        "id": 9223372036854323289,
        "category": {
            "id": 0,
            "name": "string"
        },
        "name": "fish",
        "photoUrls": [
            "string"
        ],
        "tags": [
            {
                "id": 0,
                "name": "string"
            }
        ],
        "status": "available"
    },
    {
        "id": 9223372036854323296,
        "category": {
            "id": 0,
            "name": "string"
        },
        "name": "Вася_меняем",
        "photoUrls": [
            "https://images.app.goo.gl/iYNub8fsUdJ4xVwo6"
        ],
        "tags": [
            {
                "id": 0,
                "name": "string"
            }
        ],
        "status": "available"
    },
    {
        "id": 9223372036854323302,
        "category": {
            "id": 0,
            "name": "string"
        },
        "name": "doggie",
        "photoUrls": [
            "string"
        ],
        "tags": [
            {
                "id": 0,
                "name": "string"
            }
        ],
        "status": "available"
    },
    {
        "id": 25622936,
        "category": {
            "id": -77863309,
            "name": "sint ea exercitation aliqua"
        },
        "name": "doggie",
        "photoUrls": [
            "minim est Lorem",
            "Duis sed ut"
        ],
        "tags": [
            {
                "id": -46385804,
                "name": "ullamco nostrud ad nisi"
            },
            {
                "id": 68093255,
                "name": "ad"
            }
        ],
        "status": "available"
    },
    {
        "id": 9223372036854323303,
        "category": {
            "id": 0,
            "name": "string"
        },
        "name": "fish",
        "photoUrls": [
            "string"
        ],
        "tags": [
            {
                "id": 0,
                "name": "string"
            }
        ],
        "status": "available"
    },
    {
        "id": 121173,
        "category": {
            "id": 0,
            "name": "string"
        },
        "name": "doggie",
        "photoUrls": [
            "string"
        ],
        "tags": [
            {
                "id": 0,
                "name": "string"
            }
        ],
        "status": "available"
    },
    {
        "id": 9223372036854323307,
        "category": {
            "id": 0,
            "name": "string"
        },
        "name": "doggie",
        "photoUrls": [
            "string"
        ],
        "tags": [
            {
                "id": 0,
                "name": "string"
            }
        ],
        "status": "available"
    },
    {
        "id": 9223372036854323308,
        "name": "Doom",
        "status": "available"
    },
    {
        "id": 2611,
        "name": "XML Mogs",
        "photoUrls": [
            "http://xmlcats.com/1.jpg",
            "http://xmlcats.com/2.jpg"
        ],
        "tags": [
            
        ],
        "status": "available"
    },
    {
        "id": 9223372036854323320,
        "category": {
            "id": 0,
            "name": "string"
        },
        "name": "doggie",
        "photoUrls": [
            "string"
        ],
        "tags": [
            {
                "id": 0,
                "name": "string"
            }
        ],
        "status": "available"
    },
    {
        "id": 9223372036854323324,
        "category": {
            "id": 8212614,
            "name": "voluptate ea qui sint"
        },
        "name": "doggie",
        "photoUrls": [
            "quis Lorem Duis aute",
            "veniam nulla culpa"
        ],
        "tags": [
            {
                "id": -42092226,
                "name": "labore"
            },
            {
                "id": -72688380,
                "name": "consectetur sint qui"
            }
        ],
        "status": "available"
    },
    {
        "id": 9223372036854323325,
        "category": {
            "id": 0,
            "name": "string"
        },
        "name": "fish",
        "photoUrls": [
            "string"
        ],
        "tags": [
            {
                "id": 0,
                "name": "string"
            }
        ],
        "status": "available"
    },
    {
        "id": 2323,
        "category": {
            "id": 0,
            "name": "string"
        },
        "name": "dog",
        "photoUrls": [
            "string"
        ],
        "tags": [
            {
                "id": 0,
                "name": "tomy"
            }
        ],
        "status": "available"
    },
    {
        "id": 9223372036854323331,
        "category": {
            "id": 0,
            "name": "string"
        },
        "name": "doggie",
        "photoUrls": [
            "string"
        ],
        "tags": [
            {
                "id": 0,
                "name": "string"
            }
        ],
        "status": "available"
    },
    {
        "id": 234567,
        "category": {
            "id": 0,
            "name": "string"
        },
        "name": "Puňťa",
        "photoUrls": [
            "string"
        ],
        "tags": [
            {
                "id": 0,
                "name": "string"
            }
        ],
        "status": "available"
    },
    {
        "id": 999,
        "category": {
            "id": 999,
            "name": "catty123"
        },
        "name": "cattycatty",
        "photoUrls": [
            
        ],
        "tags": [
            {
                "id": 123,
                "name": "string123"
            }
        ],
        "status": "available"
    },
    {
        "id": 9223372036854323349,
        "category": {
            "id": 0,
            "name": "string"
        },
        "name": "fish",
        "photoUrls": [
            "string"
        ],
        "tags": [
            {
                "id": 0,
                "name": "string"
            }
        ],
        "status": "available"
    },
    {
        "id": 9223372036854323352,
        "category": {
            "id": 0,
            "name": "string"
        },
        "name": "doggie",
        "photoUrls": [
            "string"
        ],
        "tags": [
            {
                "id": 0,
                "name": "string"
            }
        ],
        "status": "available"
    },
    {
        "id": 9223372036854323353,
        "category": {
            "id": 0,
            "name": "string"
        },
        "name": "Puff",
        "photoUrls": [
            "string"
        ],
        "tags": [
            {
                "id": 0,
                "name": "string"
            }
        ],
        "status": "available"
    },
    {
        "id": 9223372036854323354,
        "category": {
            "id": 0,
            "name": "string"
        },
        "name": "fish",
        "photoUrls": [
            "string"
        ],
        "tags": [
            {
                "id": 0,
                "name": "string"
            }
        ],
        "status": "available"
    },
    {
        "id": 9223372036854323355,
        "category": {
            "id": 0,
            "name": "string"
        },
        "name": "doggie",
        "photoUrls": [
            "string"
        ],
        "tags": [
            {
                "id": 0,
                "name": "string"
            }
        ],
        "status": "available"
    },
    {
        "id": 9223372036854323356,
        "category": {
            "id": 0,
            "name": "string"
        },
        "name": "doggie",
        "photoUrls": [
            "string"
        ],
        "tags": [
            {
                "id": 0,
                "name": "string"
            }
        ],
        "status": "available"
    },
    {
        "id": 9223372036854323359,
        "category": {
            "id": 0,
            "name": "string"
        },
        "name": "RANI",
        "photoUrls": [
            "string"
        ],
        "tags": [
            {
                "id": 0,
                "name": "string"
            }
        ],
        "status": "available"
    },
    {
        "id": 42,
        "category": {
            "id": 1,
            "name": "Dogs"
        },
        "name": "Buddysik",
        "photoUrls": [
            "https://example.com/photos/buddy.jpg"
        ],
        "tags": [
            {
                "id": 7,
                "name": "Cute"
            }
        ],
        "status": "available"
    },
    {
        "id": 9223372036854323361,
        "category": {
            "id": 0,
            "name": "string"
        },
        "name": "doggie",
        "photoUrls": [
            "string"
        ],
        "tags": [
            {
                "id": 0,
                "name": "string"
            }
        ],
        "status": "available"
    },
    {
        "id": 9223372036854323362,
        "category": {
            "id": 0,
            "name": "string"
        },
        "name": "doggie",
        "photoUrls": [
            "string"
        ],
        "tags": [
            {
                "id": 0,
                "name": "string"
            }
        ],
        "status": "available"
    },
    {
        "id": 9223131,
        "category": {
            "id": 1,
            "name": "cat"
        },
        "name": "Murzik",
        "photoUrls": [
            "string"
        ],
        "tags": [
            {
                "id": 0,
                "name": "black"
            }
        ],
        "status": "available"
    },
    {
        "id": 9223372036854323368,
        "category": {
            "id": 0,
            "name": "string"
        },
        "name": "doggie",
        "photoUrls": [
            "string"
        ],
        "tags": [
            {
                "id": 0,
                "name": "string"
            }
        ],
        "status": "available"
    },
    {
        "id": 9223372036854323369,
        "category": {
            "id": 0,
            "name": "string"
        },
        "name": "fish",
        "photoUrls": [
            "string"
        ],
        "tags": [
            {
                "id": 0,
                "name": "string"
            }
        ],
        "status": "available"
    },
    {
        "id": 9223372036854323370,
        "category": {
            "id": 0,
            "name": "string"
        },
        "name": "fish",
        "photoUrls": [
            "string"
        ],
        "tags": [
            {
                "id": 0,
                "name": "string"
            }
        ],
        "status": "available"
    },
    {
        "id": 9223372036854323371,
        "category": {
            "id": 0,
            "name": "string"
        },
        "name": "fish",
        "photoUrls": [
            "string"
        ],
        "tags": [
            {
                "id": 0,
                "name": "string"
            }
        ],
        "status": "available"
    },
    {
        "id": 9223372036854323372,
        "category": {
            "id": 0,
            "name": "string"
        },
        "name": "fish",
        "photoUrls": [
            "string"
        ],
        "tags": [
            {
                "id": 0,
                "name": "string"
            }
        ],
        "status": "available"
    },
    {
        "id": 420,
        "category": {
            "id": 42,
            "name": "Chihuahua"
        },
        "name": "PasBre",
        "photoUrls": [
            "string"
        ],
        "tags": [
            {
                "id": 0,
                "name": "string"
            }
        ],
        "status": "available"
    },
    {
        "id": 9223372036854323395,
        "category": {
            "id": 0,
            "name": "string"
        },
        "name": "doggie",
        "photoUrls": [
            "string"
        ],
        "tags": [
            {
                "id": 0,
                "name": "string"
            }
        ],
        "status": "available"
    },
    {
        "id": 9223372036854323397,
        "category": {
            "id": 0,
            "name": "string"
        },
        "name": "doggie",
        "photoUrls": [
            "string"
        ],
        "tags": [
            {
                "id": 0,
                "name": "string"
            }
        ],
        "status": "available"
    },
    {
        "id": 123,
        "category": {
            "id": 0,
            "name": "Niki"
        },
        "name": "doggie",
        "photoUrls": [
            "string"
        ],
        "tags": [
            {
                "id": 0,
                "name": "string"
            }
        ],
        "status": "available"
    },
    {
        "id": 88,
        "category": {
            "id": 0,
            "name": "Sergey"
        },
        "name": "Sergey",
        "photoUrls": [
            "string"
        ],
        "tags": [
            {
                "id": 0,
                "name": "string"
            }
        ],
        "status": "available"
    },
    {
        "id": 9223372036854323412,
        "category": {
            "id": 0,
            "name": "string"
        },
        "name": "doggie",
        "photoUrls": [
            "string"
        ],
        "tags": [
            {
                "id": 0,
                "name": "string"
            }
        ],
        "status": "available"
    },
    {
        "id": 9223372036854323421,
        "category": {
            "id": 0,
            "name": "string"
        },
        "name": "fish",
        "photoUrls": [
            "string"
        ],
        "tags": [
            {
                "id": 0,
                "name": "string"
            }
        ],
        "status": "available"
    },
    {
        "id": 9223372036854323422,
        "category": {
            "id": 0,
            "name": "string"
        },
        "name": "fish",
        "photoUrls": [
            "string"
        ],
        "tags": [
            {
                "id": 0,
                "name": "string"
            }
        ],
        "status": "available"
    },
    {
        "id": 9223372036854323425,
        "category": {
            "id": 0,
            "name": "string"
        },
        "name": "Puff",
        "photoUrls": [
            "string"
        ],
        "tags": [
            {
                "id": 0,
                "name": "string"
            }
        ],
        "status": "available"
    },
    {
        "id": 9223372036854323426,
        "category": {
            "id": 0,
            "name": "string"
        },
        "name": "doggie",
        "photoUrls": [
            "string"
        ],
        "tags": [
            {
                "id": 0,
                "name": "string"
            }
        ],
        "status": "available"
    },
    {
        "id": 9223372036854323427,
        "category": {
            "id": 0,
            "name": "string"
        },
        "name": "doggie",
        "photoUrls": [
            "string"
        ],
        "tags": [
            {
                "id": 0,
                "name": "string"
            }
        ],
        "status": "available"
    },
    {
        "id": 9223372036854323428,
        "category": {
            "id": 0,
            "name": "string"
        },
        "name": "doggie",
        "photoUrls": [
            "string"
        ],
        "tags": [
            {
                "id": 0,
                "name": "string"
            }
        ],
        "status": "available"
    },
    {
        "id": 9223372036854323431,
        "category": {
            "id": 0,
            "name": "string"
        },
        "name": "doggie",
        "photoUrls": [
            "string"
        ],
        "tags": [
            {
                "id": 0,
                "name": "string"
            }
        ],
        "status": "available"
    },
    {
        "id": 9223372036854323432,
        "category": {
            "id": 0,
            "name": "string"
        },
        "name": "doggie",
        "photoUrls": [
            "string"
        ],
        "tags": [
            {
                "id": 0,
                "name": "string"
            }
        ],
        "status": "available"
    },
    {
        "id": 9223372036854323433,
        "category": {
            "id": 0,
            "name": "string"
        },
        "name": "doggie",
        "photoUrls": [
            "string"
        ],
        "tags": [
            {
                "id": 0,
                "name": "string"
            }
        ],
        "status": "available"
    },
    {
        "id": 9223372036854323434,
        "category": {
            "id": 0,
            "name": "string"
        },
        "name": "fish",
        "photoUrls": [
            "string"
        ],
        "tags": [
            {
                "id": 0,
                "name": "string"
            }
        ],
        "status": "available"
    },
    {
        "id": 32,
        "category": {
            "id": 1,
            "name": "cat"
        },
        "name": "Murzik",
        "photoUrls": [
            "string"
        ],
        "tags": [
            {
                "id": 0,
                "name": "black"
            }
        ],
        "status": "available"
    },
    {
        "id": 9223372036854323437,
        "category": {
            "id": 1,
            "name": "cat"
        },
        "name": "Murzik",
        "photoUrls": [
            "string"
        ],
        "tags": [
            {
                "id": 0,
                "name": "black"
            }
        ],
        "status": "available"
    },
    {
        "id": 112233,
        "category": {
            "id": 30,
            "name": "Eq-dog"
        },
        "name": "Postman",
        "photoUrls": [
            "URLLink"
        ],
        "tags": [
            {
                "id": 10,
                "name": "Doberman"
            }
        ],
        "status": "available"
    },
    {
        "id": 9223372036854323441,
        "category": {
            "id": 0,
            "name": "string"
        },
        "name": "fish",
        "photoUrls": [
            "string"
        ],
        "tags": [
            {
                "id": 0,
                "name": "string"
            }
        ],
        "status": "available"
    },
    {
        "id": 9223372036854323450,
        "category": {
            "id": 0,
            "name": "string"
        },
        "name": "doggie",
        "photoUrls": [
            "string"
        ],
        "tags": [
            {
                "id": 0,
                "name": "string"
            }
        ],
        "status": "available"
    },
    {
        "id": 9223372036854323453,
        "category": {
            "id": 0,
            "name": "string"
        },
        "name": "doggie",
        "photoUrls": [
            "string"
        ],
        "tags": [
            {
                "id": 0,
                "name": "string"
            }
        ],
        "status": "available"
    },
    {
        "id": 9223372036854323466,
        "category": {
            "id": 0,
            "name": "string"
        },
        "name": "fish",
        "photoUrls": [
            "string"
        ],
        "tags": [
            {
                "id": 0,
                "name": "string"
            }
        ],
        "status": "available"
    },
    {
        "id": 9223372036854323475,
        "category": {
            "id": 0,
            "name": "string"
        },
        "name": "fish",
        "photoUrls": [
            "string"
        ],
        "tags": [
            {
                "id": 0,
                "name": "string"
            }
        ],
        "status": "available"
    },
    {
        "id": 9223372036854323476,
        "category": {
            "id": 0,
            "name": "string"
        },
        "name": "Puff",
        "photoUrls": [
            "string"
        ],
        "tags": [
            {
                "id": 0,
                "name": "string"
            }
        ],
        "status": "available"
    },
    {
        "id": 9223372036854323477,
        "category": {
            "id": 0,
            "name": "string"
        },
        "name": "doggie",
        "photoUrls": [
            "string"
        ],
        "tags": [
            {
                "id": 0,
                "name": "string"
            }
        ],
        "status": "available"
    },
    {
        "id": 9223372036854323478,
        "category": {
            "id": 0,
            "name": "string"
        },
        "name": "doggie",
        "photoUrls": [
            "string"
        ],
        "tags": [
            {
                "id": 0,
                "name": "string"
            }
        ],
        "status": "available"
    },
    {
        "id": 9223372036854323481,
        "category": {
            "id": 0,
            "name": "string"
        },
        "name": "fish",
        "photoUrls": [
            "string"
        ],
        "tags": [
            {
                "id": 0,
                "name": "string"
            }
        ],
        "status": "available"
    },
    {
        "id": 9223372036854323487,
        "category": {
            "id": 0,
            "name": "string"
        },
        "name": "doggie",
        "photoUrls": [
            "string"
        ],
        "tags": [
            {
                "id": 0,
                "name": "string"
            }
        ],
        "status": "available"
    },
    {
        "id": 9223372036854323488,
        "category": {
            "id": 0,
            "name": "string"
        },
        "name": "doggie",
        "photoUrls": [
            "string"
        ],
        "tags": [
            {
                "id": 0,
                "name": "string"
            }
        ],
        "status": "available"
    },
    {
        "id": 9223372036854323493,
        "category": {
            "id": 0,
            "name": "string"
        },
        "name": "fish",
        "photoUrls": [
            "string"
        ],
        "tags": [
            {
                "id": 0,
                "name": "string"
            }
        ],
        "status": "available"
    },
    {
        "id": 9223372036854323494,
        "category": {
            "id": 0,
            "name": "string"
        },
        "name": "fish",
        "photoUrls": [
            "string"
        ],
        "tags": [
            {
                "id": 0,
                "name": "string"
            }
        ],
        "status": "available"
    },
    {
        "id": 9223372036854323495,
        "category": {
            "id": 0,
            "name": "string"
        },
        "name": "fish",
        "photoUrls": [
            "string"
        ],
        "tags": [
            {
                "id": 0,
                "name": "string"
            }
        ],
        "status": "available"
    },
    {
        "id": 9223372036854323496,
        "category": {
            "id": 0,
            "name": "string"
        },
        "name": "fish",
        "photoUrls": [
            "string"
        ],
        "tags": [
            {
                "id": 0,
                "name": "string"
            }
        ],
        "status": "available"
    },
    {
        "id": 9223372036854323505,
        "category": {
            "id": 0,
            "name": "string"
        },
        "name": "Lucky",
        "photoUrls": [
            "string"
        ],
        "tags": [
            {
                "id": 0,
                "name": "string"
            }
        ],
        "status": "available"
    },
    {
        "id": 9223372036854323525,
        "category": {
            "id": 0,
            "name": "pes patron"
        },
        "name": "doggie",
        "photoUrls": [
            "string"
        ],
        "tags": [
            {
                "id": 0,
                "name": "string"
            }
        ],
        "status": "available"
    },
    {
        "id": 9223372036854323531,
        "category": {
            "id": 0,
            "name": "string"
        },
        "name": "fish",
        "photoUrls": [
            "string"
        ],
        "tags": [
            {
                "id": 0,
                "name": "string"
            }
        ],
        "status": "available"
    },
    {
        "id": 9223372036854323540,
        "category": {
            "id": 0,
            "name": "string"
        },
        "name": "doggie",
        "photoUrls": [
            "string"
        ],
        "tags": [
            {
                "id": 0,
                "name": "string"
            }
        ],
        "status": "available"
    },
    {
        "id": 9223372036854323542,
        "category": {
            "id": 0,
            "name": "string"
        },
        "name": "fish",
        "photoUrls": [
            "string"
        ],
        "tags": [
            {
                "id": 0,
                "name": "string"
            }
        ],
        "status": "available"
    },
    {
        "id": 9223372036854323543,
        "category": {
            "id": 0,
            "name": "string"
        },
        "name": "Puff",
        "photoUrls": [
            "string"
        ],
        "tags": [
            {
                "id": 0,
                "name": "string"
            }
        ],
        "status": "available"
    },
    {
        "id": 9223372036854323544,
        "category": {
            "id": 0,
            "name": "string"
        },
        "name": "Туман",
        "photoUrls": [
            "string"
        ],
        "tags": [
            {
                "id": 0,
                "name": "string"
            }
        ],
        "status": "available"
    },
    {
        "id": 9223372036854323546,
        "category": {
            "id": 0,
            "name": "string"
        },
        "name": "doggie",
        "photoUrls": [
            "string"
        ],
        "tags": [
            {
                "id": 0,
                "name": "string"
            }
        ],
        "status": "available"
    },
    {
        "id": 9223372036854323551,
        "category": {
            "id": 0,
            "name": "string"
        },
        "name": "doggie",
        "photoUrls": [
            "string"
        ],
        "tags": [
            {
                "id": 0,
                "name": "string"
            }
        ],
        "status": "available"
    },
    {
        "id": 9223372036854323552,
        "category": {
            "id": 0,
            "name": "string"
        },
        "name": "doggie",
        "photoUrls": [
            "string"
        ],
        "tags": [
            {
                "id": 0,
                "name": "string"
            }
        ],
        "status": "available"
    },
    {
        "id": 9223372036854323553,
        "category": {
            "id": 0,
            "name": "string"
        },
        "name": "fish",
        "photoUrls": [
            "string"
        ],
        "tags": [
            {
                "id": 0,
                "name": "string"
            }
        ],
        "status": "available"
    },
    {
        "id": 9223372036854323562,
        "category": {
            "id": 0,
            "name": "string"
        },
        "name": "fish",
        "photoUrls": [
            "string"
        ],
        "tags": [
            {
                "id": 0,
                "name": "string"
            }
        ],
        "status": "available"
    },
    {
        "id": 9223372036854323565,
        "category": {
            "id": 0,
            "name": "string"
        },
        "name": "Туман",
        "photoUrls": [
            "string"
        ],
        "tags": [
            {
                "id": 0,
                "name": "string"
            }
        ],
        "status": "available"
    },
    {
        "id": 9223372036854323577,
        "category": {
            "id": 0,
            "name": "string"
        },
        "name": "fish",
        "photoUrls": [
            "string"
        ],
        "tags": [
            {
                "id": 0,
                "name": "string"
            }
        ],
        "status": "available"
    },
    {
        "id": 9223372036854323580,
        "category": {
            "id": 0,
            "name": "string"
        },
        "name": "doggie",
        "photoUrls": [
            "string"
        ],
        "tags": [
            {
                "id": 0,
                "name": "string"
            }
        ],
        "status": "available"
    },
    {
        "id": 9223372036854323588,
        "category": {
            "id": 0,
            "name": "string"
        },
        "name": "Туман",
        "photoUrls": [
            "string"
        ],
        "tags": [
            {
                "id": 0,
                "name": "string"
            }
        ],
        "status": "available"
    },
    {
        "id": 9223372036854323590,
        "category": {
            "id": 0,
            "name": "string"
        },
        "name": "fish",
        "photoUrls": [
            "string"
        ],
        "tags": [
            {
                "id": 0,
                "name": "string"
            }
        ],
        "status": "available"
    },
    {
        "id": 9223372036854323592,
        "category": {
            "id": 0,
            "name": "string"
        },
        "name": "fish",
        "photoUrls": [
            "string"
        ],
        "tags": [
            {
                "id": 0,
                "name": "string"
            }
        ],
        "status": "available"
    },
    {
        "id": 9223372036854323593,
        "category": {
            "id": 0,
            "name": "string"
        },
        "name": "Puff",
        "photoUrls": [
            "string"
        ],
        "tags": [
            {
                "id": 0,
                "name": "string"
            }
        ],
        "status": "available"
    },
    {
        "id": 9999,
        "category": {
            "id": 9999,
            "name": "catty1234"
        },
        "name": "cattycatty2",
        "photoUrls": [
            
        ],
        "tags": [
            {
                "id": 123,
                "name": "string123"
            }
        ],
        "status": "available"
    },
    {
        "id": 9223372036854323595,
        "category": {
            "id": 0,
            "name": "string"
        },
        "name": "doggie",
        "photoUrls": [
            "string"
        ],
        "tags": [
            {
                "id": 0,
                "name": "string"
            }
        ],
        "status": "available"
    },
    {
        "id": 9223372036854323596,
        "category": {
            "id": 0,
            "name": "string"
        },
        "name": "doggie",
        "photoUrls": [
            "string"
        ],
        "tags": [
            {
                "id": 0,
                "name": "string"
            }
        ],
        "status": "available"
    },
    {
        "id": 9223372036854323602,
        "category": {
            "id": 0,
            "name": "string"
        },
        "name": "doggie",
        "photoUrls": [
            "string"
        ],
        "tags": [
            {
                "id": 0,
                "name": "string"
            }
        ],
        "status": "available"
    },
    {
        "id": 9223372036854323603,
        "category": {
            "id": 0,
            "name": "string"
        },
        "name": "doggie",
        "photoUrls": [
            "string"
        ],
        "tags": [
            {
                "id": 0,
                "name": "string"
            }
        ],
        "status": "available"
    },
    {
        "id": 9223372036854323606,
        "category": {
            "id": 0,
            "name": "string"
        },
        "name": "Beta",
        "photoUrls": [
            "string"
        ],
        "tags": [
            {
                "id": 0,
                "name": "string"
            }
        ],
        "status": "available"
    },
    {
        "id": 9223372036854323608,
        "category": {
            "id": 0,
            "name": "string"
        },
        "name": "fish",
        "photoUrls": [
            "string"
        ],
        "tags": [
            {
                "id": 0,
                "name": "string"
            }
        ],
        "status": "available"
    },
    {
        "id": 9223372036854323612,
        "category": {
            "id": 0,
            "name": "string"
        },
        "name": "fish",
        "photoUrls": [
            "string"
        ],
        "tags": [
            {
                "id": 0,
                "name": "string"
            }
        ],
        "status": "available"
    },
    {
        "id": 9223372036854323613,
        "category": {
            "id": 0,
            "name": "string"
        },
        "name": "fish",
        "photoUrls": [
            "string"
        ],
        "tags": [
            {
                "id": 0,
                "name": "string"
            }
        ],
        "status": "available"
    },
    {
        "id": 9223372036854323614,
        "category": {
            "id": 0,
            "name": "string"
        },
        "name": "Туман",
        "photoUrls": [
            "string"
        ],
        "tags": [
            {
                "id": 0,
                "name": "string"
            }
        ],
        "status": "available"
    },
    {
        "id": 9223372036854323616,
        "category": {
            "id": 0,
            "name": "string"
        },
        "name": "fish",
        "photoUrls": [
            "string"
        ],
        "tags": [
            {
                "id": 0,
                "name": "string"
            }
        ],
        "status": "available"
    },
    {
        "id": 9223372036854323627,
        "category": {
            "id": 0,
            "name": "string"
        },
        "name": "doggie",
        "photoUrls": [
            "string"
        ],
        "tags": [
            {
                "id": 0,
                "name": "string"
            }
        ],
        "status": "available"
    },
    {
        "id": 9223372036854323628,
        "category": {
            "id": 0,
            "name": "string"
        },
        "name": "doggie",
        "photoUrls": [
            "string"
        ],
        "tags": [
            {
                "id": 0,
                "name": "string"
            }
        ],
        "status": "available"
    },
    {
        "id": 9223372036854323651,
        "category": {
            "id": 0,
            "name": "Cat"
        },
        "name": "Dog",
        "photoUrls": [
            "string"
        ],
        "tags": [
            {
                "id": 0,
                "name": "string"
            }
        ],
        "status": "available"
    },
    {
        "id": 9223372036854323652,
        "category": {
            "id": 0,
            "name": "Dog"
        },
        "name": "Cat",
        "photoUrls": [
            "string"
        ],
        "tags": [
            {
                "id": 0,
                "name": "string"
            }
        ],
        "status": "available"
    },
    {
        "id": 9223372036854323653,
        "category": {
            "id": 0,
            "name": "Cat"
        },
        "name": "Dog",
        "photoUrls": [
            "string"
        ],
        "tags": [
            {
                "id": 0,
                "name": "string"
            }
        ],
        "status": "available"
    },
    {
        "id": 9223372036854323654,
        "category": {
            "id": 0,
            "name": "Dog"
        },
        "name": "Cat",
        "photoUrls": [
            "string"
        ],
        "tags": [
            {
                "id": 0,
                "name": "string"
            }
        ],
        "status": "available"
    },
    {
        "id": 1245,
        "category": {
            "id": 1245,
            "name": "xyz"
        },
        "name": "xyz",
        "photoUrls": [
            "test"
        ],
        "tags": [
            
        ],
        "status": "available"
    },
    {
        "id": 9223372036854323655,
        "category": {
            "id": 0,
            "name": "string"
        },
        "name": "fish",
        "photoUrls": [
            "string"
        ],
        "tags": [
            {
                "id": 0,
                "name": "string"
            }
        ],
        "status": "available"
    },
    {
        "id": 9223372036854323656,
        "category": {
            "id": 0,
            "name": "string"
        },
        "name": "fish",
        "photoUrls": [
            "string"
        ],
        "tags": [
            {
                "id": 0,
                "name": "string"
            }
        ],
        "status": "available"
    },
    {
        "id": 9223372036854323660,
        "category": {
            "id": 1,
            "name": "cat"
        },
        "name": "Barsik",
        "photoUrls": [
            "string"
        ],
        "tags": [
            {
                "id": 0,
                "name": "black"
            }
        ],
        "status": "available"
    },
    {
        "id": 9223372036854323662,
        "category": {
            "id": 0,
            "name": "string"
        },
        "name": "Puff",
        "photoUrls": [
            "string"
        ],
        "tags": [
            {
                "id": 0,
                "name": "string"
            }
        ],
        "status": "available"
    },
    {
        "id": 9223372036854323663,
        "category": {
            "id": 0,
            "name": "string"
        },
        "name": "doggie",
        "photoUrls": [
            "string"
        ],
        "tags": [
            {
                "id": 0,
                "name": "string"
            }
        ],
        "status": "available"
    },
    {
        "id": 9223372036854323664,
        "category": {
            "id": 0,
            "name": "string"
        },
        "name": "Туман",
        "photoUrls": [
            "string"
        ],
        "tags": [
            {
                "id": 0,
                "name": "string"
            }
        ],
        "status": "available"
    },
    {
        "id": 9223372036854323666,
        "category": {
            "id": 0,
            "name": "string"
        },
        "name": "doggie",
        "photoUrls": [
            "string"
        ],
        "tags": [
            {
                "id": 0,
                "name": "string"
            }
        ],
        "status": "available"
    },
    {
        "id": 131,
        "category": {
            "id": 0,
            "name": "dickey"
        },
        "name": "doggie",
        "photoUrls": [
            "string"
        ],
        "tags": [
            {
                "id": 100,
                "name": "bowman"
            }
        ],
        "status": "available"
    },
    {
        "id": 9223372036854323670,
        "category": {
            "id": 10,
            "name": "ZAP"
        },
        "name": "ZAP",
        "photoUrls": [
            "John Doe"
        ],
        "tags": [
            {
                "id": 10,
                "name": "ZAP"
            }
        ],
        "status": "available"
    },
    {
        "id": 9223372036854323671,
        "category": {
            "id": 10,
            "name": "ZAP"
        },
        "name": "ZAP",
        "photoUrls": [
            "John Doe"
        ],
        "tags": [
            {
                "id": 10,
                "name": "ZAP"
            }
        ],
        "status": "available"
    },
    {
        "id": 9223372036854323672,
        "category": {
            "id": 10,
            "name": "ZAP"
        },
        "name": "ZAP",
        "photoUrls": [
            "John Doe"
        ],
        "tags": [
            {
                "id": 10,
                "name": "ZAP"
            }
        ],
        "status": "available"
    },
    {
        "id": 9223372036854323673,
        "category": {
            "id": 10,
            "name": "ZAP"
        },
        "name": "ZAP",
        "photoUrls": [
            "John Doe"
        ],
        "tags": [
            {
                "id": 10,
                "name": "ZAP"
            }
        ],
        "status": "available"
    },
    {
        "id": 9223372036854323674,
        "category": {
            "id": 10,
            "name": "ZAP"
        },
        "name": "ZAP",
        "photoUrls": [
            "John Doe"
        ],
        "tags": [
            {
                "id": 10,
                "name": "ZAP"
            }
        ],
        "status": "available"
    },
    {
        "id": 9223372036854323675,
        "category": {
            "id": 10,
            "name": "ZAP"
        },
        "name": "ZAP",
        "photoUrls": [
            "John Doe"
        ],
        "tags": [
            {
                "id": 10,
                "name": "ZAP"
            }
        ],
        "status": "available"
    },
    {
        "id": 9223372036854323676,
        "category": {
            "id": 0,
            "name": "string"
        },
        "name": "doggie",
        "photoUrls": [
            "string"
        ],
        "tags": [
            {
                "id": 0,
                "name": "string"
            }
        ],
        "status": "available"
    },
    {
        "id": 9223372036854323677,
        "category": {
            "id": 0,
            "name": "string"
        },
        "name": "doggie",
        "photoUrls": [
            "string"
        ],
        "tags": [
            {
                "id": 0,
                "name": "string"
            }
        ],
        "status": "available"
    },
    {
        "id": 9223372036854323678,
        "category": {
            "id": 0,
            "name": "string"
        },
        "name": "doggie",
        "photoUrls": [
            "string"
        ],
        "tags": [
            {
                "id": 0,
                "name": "string"
            }
        ],
        "status": "available"
    },
    {
        "id": 9223372036854323679,
        "category": {
            "id": 0,
            "name": "string"
        },
        "name": "fish",
        "photoUrls": [
            "string"
        ],
        "tags": [
            {
                "id": 0,
                "name": "string"
            }
        ],
        "status": "available"
    },
    {
        "id": 9223372036854323682,
        "category": {
            "id": 0,
            "name": "string"
        },
        "name": "doggie",
        "photoUrls": [
            "string"
        ],
        "tags": [
            {
                "id": 0,
                "name": "string"
            }
        ],
        "status": "available"
    },
    {
        "id": 9223372036854323683,
        "category": {
            "id": 0,
            "name": "string"
        },
        "name": "doggie",
        "photoUrls": [
            "string"
        ],
        "tags": [
            {
                "id": 0,
                "name": "string"
            }
        ],
        "status": "available"
    },
    {
        "id": 9223372036854323691,
        "category": {
            "id": 0,
            "name": "string"
        },
        "name": "doggie",
        "photoUrls": [
            "string"
        ],
        "tags": [
            {
                "id": 0,
                "name": "string"
            }
        ],
        "status": "available"
    },
    {
        "id": 9223372036854323000,
        "category": {
            "id": 0,
            "name": "string"
        },
        "name": "doggie",
        "photoUrls": [
            "string"
        ],
        "tags": [
            {
                "id": 0,
                "name": "string"
            }
        ],
        "status": "available"
    },
    {
        "id": 9223372036854323695,
        "category": {
            "id": 0,
            "name": "string"
        },
        "name": "fish",
        "photoUrls": [
            "string"
        ],
        "tags": [
            {
                "id": 0,
                "name": "string"
            }
        ],
        "status": "available"
    },
    {
        "id": 9223372036854323697,
        "category": {
            "id": 0,
            "name": "string"
        },
        "name": "doggie",
        "photoUrls": [
            "string"
        ],
        "tags": [
            {
                "id": 0,
                "name": "string"
            }
        ],
        "status": "available"
    },
    {
        "id": 9223372036854323710,
        "category": {
            "id": 0,
            "name": "string"
        },
        "name": "doggie",
        "photoUrls": [
            "string"
        ],
        "tags": [
            {
                "id": 0,
                "name": "string"
            }
        ],
        "status": "available"
    },
    {
        "id": 9223372036854323715,
        "category": {
            "id": 0,
            "name": "string"
        },
        "name": "fish",
        "photoUrls": [
            "string"
        ],
        "tags": [
            {
                "id": 0,
                "name": "string"
            }
        ],
        "status": "available"
    },
    {
        "id": 9223372036854323728,
        "category": {
            "id": 0,
            "name": "string"
        },
        "name": "fish",
        "photoUrls": [
            "string"
        ],
        "tags": [
            {
                "id": 0,
                "name": "string"
            }
        ],
        "status": "available"
    },
    {
        "id": 9223372036854323729,
        "category": {
            "id": 0,
            "name": "string"
        },
        "name": "fish",
        "photoUrls": [
            "string"
        ],
        "tags": [
            {
                "id": 0,
                "name": "string"
            }
        ],
        "status": "available"
    },
    {
        "id": 9223372036854323730,
        "category": {
            "id": 0,
            "name": "string"
        },
        "name": "Puff",
        "photoUrls": [
            "string"
        ],
        "tags": [
            {
                "id": 0,
                "name": "string"
            }
        ],
        "status": "available"
    },
    {
        "id": 9223372036854323733,
        "category": {
            "id": 0,
            "name": "string"
        },
        "name": "doggie",
        "photoUrls": [
            "string"
        ],
        "tags": [
            {
                "id": 0,
                "name": "string"
            }
        ],
        "status": "available"
    },
    {
        "id": 9223372036854323734,
        "category": {
            "id": 0,
            "name": "string"
        },
        "name": "doggie",
        "photoUrls": [
            "string"
        ],
        "tags": [
            {
                "id": 0,
                "name": "string"
            }
        ],
        "status": "available"
    },
    {
        "id": 333777,
        "category": {
            "id": 0,
            "name": "string"
        },
        "name": " Charlie",
        "photoUrls": [
            "string"
        ],
        "tags": [
            {
                "id": 0,
                "name": "string"
            }
        ],
        "status": "available"
    },
    {
        "id": 9223372036854323748,
        "category": {
            "id": 0,
            "name": "string"
        },
        "name": "doggie",
        "photoUrls": [
            "string"
        ],
        "tags": [
            {
                "id": 0,
                "name": "string"
            }
        ],
        "status": "available"
    },
    {
        "id": 9223372036854323750,
        "category": {
            "id": 0,
            "name": "string"
        },
        "name": "doggie",
        "photoUrls": [
            "string"
        ],
        "tags": [
            {
                "id": 0,
                "name": "string"
            }
        ],
        "status": "available"
    },
    {
        "id": 9223372036854323756,
        "category": {
            "id": 0,
            "name": "string"
        },
        "name": "fish",
        "photoUrls": [
            "string"
        ],
        "tags": [
            {
                "id": 0,
                "name": "string"
            }
        ],
        "status": "available"
    },
    {
        "id": 9223372036854323757,
        "category": {
            "id": 0,
            "name": "string"
        },
        "name": "fish",
        "photoUrls": [
            "string"
        ],
        "tags": [
            {
                "id": 0,
                "name": "string"
            }
        ],
        "status": "available"
    },
    {
        "id": 9223372036854323759,
        "category": {
            "id": 0,
            "name": "string"
        },
        "name": "fish",
        "photoUrls": [
            "string"
        ],
        "tags": [
            {
                "id": 0,
                "name": "string"
            }
        ],
        "status": "available"
    },
    {
        "id": 9223372036854323760,
        "category": {
            "id": 0,
            "name": "string"
        },
        "name": "fish",
        "photoUrls": [
            "string"
        ],
        "tags": [
            {
                "id": 0,
                "name": "string"
            }
        ],
        "status": "available"
    },
    {
        "id": 285,
        "category": {
            "id": 285,
            "name": "S3p7d"
        },
        "photoUrls": [
            
        ],
        "tags": [
            
        ],
        "status": "available"
    },
    {
        "id": 9223372036854323794,
        "category": {
            "id": 0,
            "name": "string"
        },
        "name": "Туман",
        "photoUrls": [
            "string"
        ],
        "tags": [
            {
                "id": 0,
                "name": "string"
            }
        ],
        "status": "available"
    },
    {
        "id": 9223372036854323802,
        "category": {
            "id": 0,
            "name": "string"
        },
        "name": "fish",
        "photoUrls": [
            "string"
        ],
        "tags": [
            {
                "id": 0,
                "name": "string"
            }
        ],
        "status": "available"
    },
    {
        "id": 9223372036854323805,
        "category": {
            "id": 0,
            "name": "string"
        },
        "name": "Puff",
        "photoUrls": [
            "string"
        ],
        "tags": [
            {
                "id": 0,
                "name": "string"
            }
        ],
        "status": "available"
    },
    {
        "id": 9223372036854323806,
        "category": {
            "id": 0,
            "name": "string"
        },
        "name": "fish",
        "photoUrls": [
            "string"
        ],
        "tags": [
            {
                "id": 0,
                "name": "string"
            }
        ],
        "status": "available"
    },
    {
        "id": 9223372036854323809,
        "category": {
            "id": 0,
            "name": "string"
        },
        "name": "doggie",
        "photoUrls": [
            "string"
        ],
        "tags": [
            {
                "id": 0,
                "name": "string"
            }
        ],
        "status": "available"
    },
    {
        "id": 9223372036854323810,
        "category": {
            "id": 0,
            "name": "string"
        },
        "name": "Туман",
        "photoUrls": [
            "string"
        ],
[...]
    },
    {
        "id": 9223372036854324115,
        "category": {
            "id": 0,
            "name": "string"
        },
        "name": "fish",
        "photoUrls": [
            "string"
        ],
        "tags": [
            {
                "id": 0,
                "name": "string"
            }
        ],
        "status": "available"
    },
    {
        "id": 9223372036854324116,
        "category": {
            "id": 0,
            "name": "string"
        },
        "name": "fish",
        "photoUrls": [
            "string"
        ],
        "tags": [
            {
                "id": 0,
                "name": "string"
            }
        ],
        "status": "available"
    },
    {
        "id": 9223372036854324117,
        "category": {
            "id": 0,
            "name": "string"
        },
        "name": "doggie",
        "photoUrls": [
            "string"
        ],
        "tags": [
            {
                "id": 0,
                "name": "string"
            }
        ],
        "status": "available"
    },
    {
        "id": 9223372036854324118,
        "category": {
            "id": 0,
            "name": "string"
        },
        "name": "doggie",
        "photoUrls": [
            "string"
        ],
        "tags": [
            {
                "id": 0,
                "name": "string"
            }
        ],
        "status": "available"
    },
    {
        "id": 9223372036854324119,
        "category": {
            "id": 0,
            "name": "string"
        },
        "name": "doggie",
        "photoUrls": [
            "string"
        ],
        "tags": [
            {
                "id": 0,
                "name": "string"
            }
        ],
        "status": "available"
    },
    {
        "id": 20,
        "category": {
            "id": 0,
            "name": "string"
        },
        "name": "doggie",
        "photoUrls": [
            "string"
        ],
        "tags": [
            {
                "id": 0,
                "name": "string"
            }
        ],
        "status": "available"
    },
    {
        "id": 9223372036854324120,
        "category": {
            "id": 0,
            "name": "string"
        },
        "name": "Puff",
        "photoUrls": [
            "string"
        ],
        "tags": [
            {
                "id": 0,
                "name": "string"
            }
        ],
        "status": "available"
    },
    {
        "id": 9223372036854324132,
        "category": {
            "id": 1,
            "name": "dog"
        },
        "name": "cockroach",
        "photoUrls": [
            "https://robohash.org/ugmufwbd.png"
        ],
        "tags": [
            {
                "id": 1,
                "name": "big"
            },
            {
                "id": 3,
                "name": "brown"
            }
        ],
        "status": "available"
    },
    {
        "id": 9223372036854324133,
        "category": {
            "id": 0,
            "name": "string"
        },
        "name": "doggie",
        "photoUrls": [
            "string"
        ],
        "tags": [
            {
                "id": 0,
                "name": "string"
            }
        ],
        "status": "available"
    },
    {
        "id": 9223372036854324135,
        "category": {
            "id": 1,
            "name": "dog"
        },
        "name": "cricket",
        "photoUrls": [
            "https://robohash.org/juskapbu.png"
        ],
        "tags": [
            {
                "id": 1,
                "name": "big"
            },
            {
                "id": 3,
                "name": "brown"
            }
        ],
        "status": "available"
    },
    {
        "id": 9223372036854324136,
        "category": {
            "id": 0,
            "name": "string"
        },
        "name": "doggie",
        "photoUrls": [
            "string"
        ],
        "tags": [
            {
                "id": 0,
                "name": "string"
            }
        ],
        "status": "available"
    },
    {
        "id": 9223372036854324139,
        "category": {
            "id": 0,
            "name": "string"
        },
        "name": "doggie",
        "photoUrls": [
            "string"
        ],
        "tags": [
            {
                "id": 0,
                "name": "string"
            }
        ],
        "status": "available"
    },
    {
        "id": 9223372036854324140,
        "category": {
            "id": 0,
            "name": "string"
        },
        "name": "doggie",
        "photoUrls": [
            "string"
        ],
        "tags": [
            {
                "id": 0,
                "name": "string"
            }
        ],
        "status": "available"
    },
    {
        "id": 9223372036854324144,
        "category": {
            "id": 0,
            "name": "string"
        },
        "name": "fish",
        "photoUrls": [
            "string"
        ],
        "tags": [
            {
                "id": 0,
                "name": "string"
            }
        ],
        "status": "available"
    },
    {
        "id": 9223372036854324147,
        "category": {
            "id": 0,
            "name": "string"
        },
        "name": "test",
        "photoUrls": [
            "string"
        ],
        "tags": [
            {
                "id": 0,
                "name": "string"
            }
        ],
        "status": "available"
    },
    {
        "id": 9223372036854324148,
        "category": {
            "id": 0,
            "name": "string"
        },
        "name": "test",
        "photoUrls": [
            "string"
        ],
        "tags": [
            {
                "id": 0,
                "name": "string"
            }
        ],
        "status": "available"
    },
    {
        "id": 9223372036854324149,
        "category": {
            "id": 0,
            "name": "string"
        },
        "name": "test",
        "photoUrls": [
            "string"
        ],
        "tags": [
            {
                "id": 0,
                "name": "string"
            }
        ],
        "status": "available"
    },
    {
        "id": 9223372036854324151,
        "category": {
            "id": 0,
            "name": "string"
        },
        "name": "fish",
        "photoUrls": [
            "string"
        ],
        "tags": [
            {
                "id": 0,
                "name": "string"
            }
        ],
        "status": "available"
    },
    {
        "id": 9223372036854324157,
        "category": {
            "id": 0,
            "name": "string"
        },
        "name": "Туман",
        "photoUrls": [
            "string"
        ],
        "tags": [
            {
                "id": 0,
                "name": "string"
            }
        ],
        "status": "available"
    },
    {
        "id": 10,
        "category": {
            "id": 10,
            "name": "ZAP"
        },
        "name": "ZAP",
        "photoUrls": [
            "John Doe"
        ],
        "tags": [
            {
                "id": 10,
                "name": "ZAP"
            }
        ],
        "status": "available"
    },
    {
        "id": 9223372036854324158,
        "category": {
            "id": 0,
            "name": "string"
        },
        "name": "doggie",
        "photoUrls": [
            "string"
        ],
        "tags": [
            {
                "id": 0,
                "name": "string"
            }
        ],
        "status": "available"
    },
    {
        "id": 9223372036854324164,
        "category": {
            "id": 0,
            "name": "string"
        },
        "name": "Туман",
        "photoUrls": [
            "string"
        ],
        "tags": [
            {
                "id": 0,
                "name": "string"
            }
        ],
        "status": "available"
    },
    {
        "id": 9223372036854324000,
        "category": {
            "id": 0,
            "name": "string"
        },
        "name": "doggie",
        "photoUrls": [
            "string"
        ],
        "tags": [
            {
                "id": 0,
                "name": "string"
            }
        ],
        "status": "available"
    },
    {
        "id": 1,
        "category": {
            "id": 1,
            "name": "string"
        },
        "name": "doggie",
        "photoUrls": [
            "string"
        ],
        "tags": [
            {
                "id": 1,
                "name": "string"
            }
        ],
        "status": "available"
    },
    {
        "id": 9223372036854324171,
        "category": {
            "id": 0,
            "name": "string"
        },
        "name": "fish",
        "photoUrls": [
            "string"
        ],
        "tags": [
            {
                "id": 0,
                "name": "string"
            }
        ],
        "status": "available"
    },
    {
        "id": 9223372036854324181,
        "category": {
            "id": 0,
            "name": "string"
        },
        "name": "fish",
        "photoUrls": [
            "string"
        ],
        "tags": [
            {
                "id": 0,
                "name": "string"
            }
        ],
        "status": "available"
    },
    {
        "id": 7,
        "category": {
            "id": 1324843695,
            "name": "Category beaver"
        },
        "name": "herring",
        "photoUrls": [
            "photourl1",
            "photourl2",
            "photourl3"
        ],
        "tags": [
            {
                "id": 5777,
                "name": "Tag worm"
            },
            {
                "id": 5,
                "name": "Tag wildebeest"
            }
        ],
        "status": "available"
    },
    {
        "id": 9223372036854324182,
        "category": {
            "id": 0,
            "name": "string"
        },
        "name": "fish",
        "photoUrls": [
            "string"
        ],
        "tags": [
            {
                "id": 0,
                "name": "string"
            }
        ],
        "status": "available"
    },
    {
        "id": 9223372036854324183,
        "category": {
            "id": 0,
            "name": "string"
        },
        "name": "doggie",
        "photoUrls": [
            "string"
        ],
        "tags": [
            {
                "id": 0,
                "name": "string"
            }
        ],
        "status": "available"
    },
    {
        "id": 9223372036854324184,
        "category": {
            "id": 0,
            "name": "string"
        },
        "name": "doggie",
        "photoUrls": [
            "string"
        ],
        "tags": [
            {
                "id": 0,
                "name": "string"
            }
        ],
        "status": "available"
    }
]
]]></system-out>
  </testcase>
  <testcase name="testUpdatePet" classname="api.test.PetTests" time="2.251">
    <system-out><![CDATA[HTTP/1.1 200 OK
Date: Sat, 09 Mar 2024 15:55:29 GMT
Content-Type: application/json
Transfer-Encoding: chunked
Connection: keep-alive
Access-Control-Allow-Origin: *
Access-Control-Allow-Methods: GET, POST, DELETE, PUT
Access-Control-Allow-Headers: Content-Type, api_key, Authorization
Server: Jetty(9.2.9.v20150224)

{
    "id": 7,
    "category": {
        "id": 1324843695,
        "name": "Category beaver"
    },
    "name": "chinchilla",
    "photoUrls": [
        "photourl1",
        "photourl2",
        "photourl3"
    ],
    "tags": [
        {
            "id": 5777,
            "name": "Tag worm"
        },
        {
            "id": 5,
            "name": "Tag wildebeest"
        }
    ],
    "status": "unavailable"
}
HTTP/1.1 200 OK
Date: Sat, 09 Mar 2024 15:55:30 GMT
Content-Type: application/json
Transfer-Encoding: chunked
Connection: keep-alive
Access-Control-Allow-Origin: *
Access-Control-Allow-Methods: GET, POST, DELETE, PUT
Access-Control-Allow-Headers: Content-Type, api_key, Authorization
Server: Jetty(9.2.9.v20150224)

{
    "id": 7,
    "category": {
        "id": 1324843695,
        "name": "Category beaver"
    },
    "name": "chinchilla",
    "photoUrls": [
        "photourl1",
        "photourl2",
        "photourl3"
    ],
    "tags": [
        {
            "id": 5777,
            "name": "Tag worm"
        },
        {
            "id": 5,
            "name": "Tag wildebeest"
        }
    ],
    "status": "unavailable"
}
]]></system-out>
  </testcase>
  <testcase name="testUploadImage" classname="api.test.PetTests" time="1.931">
    <system-out><![CDATA[HTTP/1.1 200 OK
Date: Sat, 09 Mar 2024 15:55:32 GMT
Content-Type: application/json
Transfer-Encoding: chunked
Connection: keep-alive
Access-Control-Allow-Origin: *
Access-Control-Allow-Methods: GET, POST, DELETE, PUT
Access-Control-Allow-Headers: Content-Type, api_key, Authorization
Server: Jetty(9.2.9.v20150224)

{
    "code": 200,
    "type": "unknown",
    "message": "additionalMetadata: null\nFile uploaded to ./testimage1.jpg, 11608 bytes"
}
]]></system-out>
  </testcase>
  <testcase name="testDeletePet" classname="api.test.PetTests" time="1.166">
    <system-out><![CDATA[HTTP/1.1 200 OK
Date: Sat, 09 Mar 2024 15:55:33 GMT
Content-Type: application/json
Transfer-Encoding: chunked
Connection: keep-alive
Access-Control-Allow-Origin: *
Access-Control-Allow-Methods: GET, POST, DELETE, PUT
Access-Control-Allow-Headers: Content-Type, api_key, Authorization
Server: Jetty(9.2.9.v20150224)

{
    "code": 200,
    "type": "unknown",
    "message": "7"
}
Header name is :- Date and the value of header is :- Sat, 09 Mar 2024 15:55:33 GMT
Header name is :- Content-Type and the value of header is :- application/json
Header name is :- Transfer-Encoding and the value of header is :- chunked
Header name is :- Connection and the value of header is :- keep-alive
Header name is :- Access-Control-Allow-Origin and the value of header is :- *
Header name is :- Access-Control-Allow-Methods and the value of header is :- GET, POST, DELETE, PUT
Header name is :- Access-Control-Allow-Headers and the value of header is :- Content-Type, api_key, Authorization
Header name is :- Server and the value of header is :- Jetty(9.2.9.v20150224)
]]></system-out>
  </testcase>
  <testcase name="testCreateUser" classname="api.test.UserTests" time="1.199">
    <system-out><![CDATA[HTTP/1.1 200 OK
Date: Sat, 09 Mar 2024 15:55:35 GMT
Content-Type: application/json
Transfer-Encoding: chunked
Connection: keep-alive
Access-Control-Allow-Origin: *
Access-Control-Allow-Methods: GET, POST, DELETE, PUT
Access-Control-Allow-Headers: Content-Type, api_key, Authorization
Server: Jetty(9.2.9.v20150224)

{
    "code": 200,
    "type": "unknown",
    "message": "80"
}
]]></system-out>
  </testcase>
  <testcase name="testGetUser" classname="api.test.UserTests" time="1.132">
    <system-out><![CDATA[HTTP/1.1 200 OK
Date: Sat, 09 Mar 2024 15:55:36 GMT
Content-Type: application/json
Transfer-Encoding: chunked
Connection: keep-alive
Access-Control-Allow-Origin: *
Access-Control-Allow-Methods: GET, POST, DELETE, PUT
Access-Control-Allow-Headers: Content-Type, api_key, Authorization
Server: Jetty(9.2.9.v20150224)

{
    "id": 80,
    "username": "spencer.morar",
    "firstName": "Candis",
    "lastName": "Bogan",
    "email": "lon.fritsch@example.com",
    "password": "uaeibcfq",
    "phone": "372-057-1550",
    "userStatus": 0
}
]]></system-out>
  </testcase>
  <testcase name="testUpdateUser" classname="api.test.UserTests" time="2.286">
    <system-out><![CDATA[HTTP/1.1 200 OK
Date: Sat, 09 Mar 2024 15:55:39 GMT
Content-Type: application/json
Transfer-Encoding: chunked
Connection: keep-alive
Access-Control-Allow-Origin: *
Access-Control-Allow-Methods: GET, POST, DELETE, PUT
Access-Control-Allow-Headers: Content-Type, api_key, Authorization
Server: Jetty(9.2.9.v20150224)

{
    "id": 80,
    "username": "spencer.morar",
    "firstName": "Celsa",
    "lastName": "Hermiston",
    "email": "hayden.conn@example.com",
    "password": "uaeibcfq",
    "phone": "372-057-1550",
    "userStatus": 0
}
]]></system-out>
  </testcase>
  <testcase name="testDeleteUser" classname="api.test.UserTests" time="1.099">
    <system-out><![CDATA[HTTP/1.1 200 OK
Date: Sat, 09 Mar 2024 15:55:40 GMT
Content-Type: application/json
Transfer-Encoding: chunked
Connection: keep-alive
Access-Control-Allow-Origin: *
Access-Control-Allow-Methods: GET, POST, DELETE, PUT
Access-Control-Allow-Headers: Content-Type, api_key, Authorization
Server: Jetty(9.2.9.v20150224)

{
    "code": 200,
    "type": "unknown",
    "message": "spencer.morar"
}
]]></system-out>
  </testcase>
  <testcase name="testCreateStoreOrder" classname="api.test.StoreOrderTests" time="1.124">
    <system-out><![CDATA[HTTP/1.1 200 OK
Date: Sat, 09 Mar 2024 15:55:41 GMT
Content-Type: application/json
Transfer-Encoding: chunked
Connection: keep-alive
Access-Control-Allow-Origin: *
Access-Control-Allow-Methods: GET, POST, DELETE, PUT
Access-Control-Allow-Headers: Content-Type, api_key, Authorization
Server: Jetty(9.2.9.v20150224)

{
    "id": 61441766,
    "petId": 660264095,
    "quantity": 1726314,
    "shipDate": "2024-03-09T21:25:42.280+0000",
    "status": "placed",
    "complete": true
}
]]></system-out>
  </testcase>
  <testcase name="testGetStoreOrder" classname="api.test.StoreOrderTests" time="1.105">
    <system-out><![CDATA[HTTP/1.1 200 OK
Date: Sat, 09 Mar 2024 15:55:42 GMT
Content-Type: application/json
Transfer-Encoding: chunked
Connection: keep-alive
Access-Control-Allow-Origin: *
Access-Control-Allow-Methods: GET, POST, DELETE, PUT
Access-Control-Allow-Headers: Content-Type, api_key, Authorization
Server: Jetty(9.2.9.v20150224)

{
    "id": 61441766,
    "petId": 660264095,
    "quantity": 1726314,
    "shipDate": "2024-03-09T21:25:42.280+0000",
    "status": "placed",
    "complete": true
}
]]></system-out>
  </testcase>
  <testcase name="testDeleteStoreOrder" classname="api.test.StoreOrderTests" time="1.16">
    <system-out><![CDATA[HTTP/1.1 200 OK
Date: Sat, 09 Mar 2024 15:55:43 GMT
Content-Type: application/json
Transfer-Encoding: chunked
Connection: keep-alive
Access-Control-Allow-Origin: *
Access-Control-Allow-Methods: GET, POST, DELETE, PUT
Access-Control-Allow-Headers: Content-Type, api_key, Authorization
Server: Jetty(9.2.9.v20150224)

{
    "code": 200,
    "type": "unknown",
    "message": "61441766"
}
]]></system-out>
  </testcase>
  <testcase name="testGetStoreInventory" classname="api.test.StoreOrderTests" time="1.065">
    <system-out><![CDATA[HTTP/1.1 200 OK
Date: Sat, 09 Mar 2024 15:55:44 GMT
Content-Type: application/json
Transfer-Encoding: chunked
Connection: keep-alive
Access-Control-Allow-Origin: *
Access-Control-Allow-Methods: GET, POST, DELETE, PUT
Access-Control-Allow-Headers: Content-Type, api_key, Authorization
Server: Jetty(9.2.9.v20150224)

{
    "sold": 4,
    "1": 2,
    "string": 673,
    "unavailable": 1,
    " available": 1,
    "pending": 9,
    "available": 293,
    "Available_NOW": 1,
    "not available": 1,
    "availableNOW": 1,
    "peric": 8,
    "AvailableNOW": 2
}
Header name is :- Date and the value of header is :- Sat, 09 Mar 2024 15:55:44 GMT
Header name is :- Content-Type and the value of header is :- application/json
Header name is :- Transfer-Encoding and the value of header is :- chunked
Header name is :- Connection and the value of header is :- keep-alive
Header name is :- Access-Control-Allow-Origin and the value of header is :- *
Header name is :- Access-Control-Allow-Methods and the value of header is :- GET, POST, DELETE, PUT
Header name is :- Access-Control-Allow-Headers and the value of header is :- Content-Type, api_key, Authorization
Header name is :- Server and the value of header is :- Jetty(9.2.9.v20150224)
]]></system-out>
  </testcase>
</testsuite>